asd
asd
asd
ЕБАТЬ АХХААХАХ
2022-09-02 06:55:18,702 - ERROR - views - views.py - ЕБАТЬ АХХААХАХ
2022-09-02 07:08:29,180 - ERROR - views - views.py - ЕБАТЬ АХХААХАХ
2022-09-02 07:10:18,326 - ERROR - views - views.py - ЕБАТЬ АХХААХАХ
2022-09-02 07:10:18,698 - ERROR - views - views.py - ЕБАТЬ АХХААХАХ
2022-09-02 07:10:18,812 - ERROR - views - views.py - ЕБАТЬ АХХААХАХ
2022-09-02 07:10:18,960 - ERROR - views - views.py - ЕБАТЬ АХХААХАХ
2022-09-02 07:10:19,067 - ERROR - views - views.py - ЕБАТЬ АХХААХАХ
2022-09-02 07:10:22,734 - ERROR - views - views.py - ЕБАТЬ АХХААХАХ
2022-09-02 07:10:22,880 - ERROR - views - views.py - ЕБАТЬ АХХААХАХ
2022-09-02 07:10:22,982 - ERROR - views - views.py - ЕБАТЬ АХХААХАХ
2022-09-02 07:10:23,077 - ERROR - views - views.py - ЕБАТЬ АХХААХАХ
2022-09-02 07:10:23,223 - ERROR - views - views.py - ЕБАТЬ АХХААХАХ
2022-09-02 07:10:23,360 - ERROR - views - views.py - ЕБАТЬ АХХААХАХ
2022-09-02 07:10:23,461 - ERROR - views - views.py - ЕБАТЬ АХХААХАХ
2022-09-02 07:10:23,559 - ERROR - views - views.py - ЕБАТЬ АХХААХАХ
2022-09-02 07:10:23,688 - ERROR - views - views.py - ЕБАТЬ АХХААХАХ
2022-09-02 07:10:23,830 - ERROR - views - views.py - ЕБАТЬ АХХААХАХ
2022-09-02 07:10:23,970 - ERROR - views - views.py - ЕБАТЬ АХХААХАХ
2022-09-02 07:10:24,206 - ERROR - views - views.py - ЕБАТЬ АХХААХАХ
2022-09-02 07:10:24,219 - ERROR - views - views.py - ЕБАТЬ АХХААХАХ
2022-09-02 07:10:24,333 - ERROR - views - views.py - ЕБАТЬ АХХААХАХ
2022-09-02 07:15:06,244 - ERROR - views - views.py - ad
2022-09-02 07:20:53,690 - ERROR - views - views.py - division by zero
2022-09-02 07:21:22,515 - ERROR - views - views.py - division by zero
2022-09-02 11:51:30,455 - ERROR - views - views.py - 'phone'
2022-09-02 11:52:43,859 - ERROR - views - views.py - 'phone'
2022-09-02 11:57:32,539 - ERROR - views - views.py - 'phone'
2022-09-03 05:36:54,810 - ERROR - views - views.py - 'WSGIRequest' object has no attribute 'COOKIE'
2022-09-03 05:37:01,630 - ERROR - views - views.py - 'WSGIRequest' object has no attribute 'COOKIE'
2022-09-03 05:37:48,027 - ERROR - views - views.py - 'phone_confirming_code'
2022-09-03 05:38:49,815 - ERROR - views - views.py - None
2022-09-03 05:39:34,599 - ERROR - views - views.py - None
---------------------------------2022-09-03 09:09:11,652 - ERROR - views - views.py - 'phone'
---------------------------------2022-09-03 09:27:27,914 - ERROR - views - views.py - division by zero
---------------------------------2022-09-03 09:27:27,954 - ERROR - views - views.py - division by zero
---------------------------------2022-09-03 09:27:27,979 - ERROR - views - views.py - division by zero
---------------------------------2022-09-03 09:27:28,011 - ERROR - views - views.py - division by zero
---------------------------------2022-09-03 09:27:28,087 - ERROR - views - views.py - division by zero
---------------------------------2022-09-03 09:27:28,118 - ERROR - views - views.py - division by zero
---------------------------------2022-09-03 09:27:28,143 - ERROR - views - views.py - division by zero
---------------------------------2022-09-03 09:27:28,211 - ERROR - views - views.py - division by zero
---------------------------------2022-09-03 09:27:28,233 - ERROR - views - views.py - division by zero
---------------------------------2022-09-03 09:27:28,255 - ERROR - views - views.py - division by zero
---------------------------------2022-09-03 09:27:28,321 - ERROR - views - views.py - division by zero
---------------------------------2022-09-03 09:27:28,343 - ERROR - views - views.py - division by zero
---------------------------------2022-09-03 09:27:28,366 - ERROR - views - views.py - division by zero
---------------------------------2022-09-03 09:27:28,433 - ERROR - views - views.py - division by zero
---------------------------------2022-09-03 09:27:28,456 - ERROR - views - views.py - division by zero
---------------------------------2022-09-03 09:27:28,481 - ERROR - views - views.py - division by zero
---------------------------------2022-09-03 09:27:28,549 - ERROR - views - views.py - division by zero
---------------------------------2022-09-03 09:27:28,574 - ERROR - views - views.py - division by zero
---------------------------------2022-09-03 09:27:28,598 - ERROR - views - views.py - division by zero
---------------------------------2022-09-03 09:27:28,666 - ERROR - views - views.py - division by zero
---------------------------------2022-09-03 09:27:29,713 - ERROR - views - views.py - division by zero
---------------------------------2022-09-03 09:27:29,739 - ERROR - views - views.py - division by zero
---------------------------------2022-09-03 09:27:29,764 - ERROR - views - views.py - division by zero
---------------------------------2022-09-03 09:27:29,833 - ERROR - views - views.py - division by zero
---------------------------------2022-09-03 09:27:29,858 - ERROR - views - views.py - division by zero
---------------------------------2022-09-03 09:27:29,884 - ERROR - views - views.py - division by zero
---------------------------------2022-09-03 09:27:29,951 - ERROR - views - views.py - division by zero
---------------------------------2022-09-03 09:27:29,973 - ERROR - views - views.py - division by zero
---------------------------------2022-09-03 09:27:29,996 - ERROR - views - views.py - division by zero
---------------------------------2022-09-03 09:27:30,067 - ERROR - views - views.py - division by zero
---------------------------------2022-09-03 09:27:30,089 - ERROR - views - views.py - division by zero
---------------------------------2022-09-03 09:27:30,113 - ERROR - views - views.py - division by zero
---------------------------------2022-09-03 09:27:30,180 - ERROR - views - views.py - division by zero
---------------------------------2022-09-03 09:27:30,206 - ERROR - views - views.py - division by zero
---------------------------------2022-09-03 09:27:30,234 - ERROR - views - views.py - division by zero
---------------------------------2022-09-03 09:27:30,305 - ERROR - views - views.py - division by zero
---------------------------------2022-09-03 09:27:30,333 - ERROR - views - views.py - division by zero
---------------------------------2022-09-03 09:27:30,357 - ERROR - views - views.py - division by zero
---------------------------------2022-09-03 09:27:30,425 - ERROR - views - views.py - division by zero
---------------------------------2022-09-03 09:27:30,449 - ERROR - views - views.py - division by zero
---------------------------------2022-09-03 09:27:35,485 - ERROR - views - views.py - division by zero
---------------------------------2022-09-03 09:27:35,516 - ERROR - views - views.py - division by zero
---------------------------------2022-09-03 09:27:35,583 - ERROR - views - views.py - division by zero
---------------------------------2022-09-03 09:27:35,607 - ERROR - views - views.py - division by zero
---------------------------------2022-09-03 09:27:35,634 - ERROR - views - views.py - division by zero
---------------------------------2022-09-03 09:27:35,699 - ERROR - views - views.py - division by zero
---------------------------------2022-09-03 09:27:35,725 - ERROR - views - views.py - division by zero
---------------------------------2022-09-03 09:27:35,752 - ERROR - views - views.py - division by zero
---------------------------------2022-09-03 09:27:35,821 - ERROR - views - views.py - division by zero
---------------------------------2022-09-03 09:27:35,846 - ERROR - views - views.py - division by zero
---------------------------------2022-09-03 09:27:35,871 - ERROR - views - views.py - division by zero
---------------------------------2022-09-03 09:27:35,942 - ERROR - views - views.py - division by zero
---------------------------------2022-09-03 09:27:35,969 - ERROR - views - views.py - division by zero
---------------------------------2022-09-03 09:27:35,994 - ERROR - views - views.py - division by zero
---------------------------------2022-09-03 09:27:36,065 - ERROR - views - views.py - division by zero
---------------------------------2022-09-03 09:27:36,091 - ERROR - views - views.py - division by zero
---------------------------------2022-09-03 09:27:36,142 - ERROR - views - views.py - division by zero
---------------------------------2022-09-03 09:27:36,212 - ERROR - views - views.py - division by zero
---------------------------------2022-09-03 09:27:36,234 - ERROR - views - views.py - division by zero
---------------------------------2022-09-03 09:27:36,261 - ERROR - views - views.py - division by zero
---------------------------------2022-09-03 09:30:10,147 - ERROR - views - views.py - division by zero
---------------------------------2022-09-03 09:30:10,172 - ERROR - views - views.py - division by zero
---------------------------------2022-09-03 09:30:10,196 - ERROR - views - views.py - division by zero
---------------------------------2022-09-03 09:30:10,221 - ERROR - views - views.py - division by zero
---------------------------------2022-09-03 09:30:10,288 - ERROR - views - views.py - division by zero
---------------------------------2022-09-03 09:30:10,311 - ERROR - views - views.py - division by zero
---------------------------------2022-09-04 10:04:11,307 - ERROR - views - views.py - division by zero
---------------------------------2022-09-04 10:04:11,988 - ERROR - views - views.py - division by zero
---------------------------------2022-09-04 10:04:15,027 - ERROR - views - views.py - division by zero
---------------------------------2022-09-04 10:04:15,164 - ERROR - views - views.py - division by zero
---------------------------------2022-09-04 10:04:15,284 - ERROR - views - views.py - division by zero
